<?xml version="1.0" encoding="UTF-8"?>
<testsuite name="com.gildedrose.GildedRoseTest" tests="22" skipped="0" failures="0" errors="0" timestamp="2020-11-14T16:30:05" hostname="tp-m1-gucothenet.local.isima.fr" time="0.079">
  <properties/>
  <testcase name="testSulfurasConstantQuality()" classname="com.gildedrose.GildedRoseTest" time="0.027"/>
  <testcase name="testAgedBrieQualityIncreaseBy1()" classname="com.gildedrose.GildedRoseTest" time="0.0"/>
  <testcase name="testAgedBrieQualityEqual50SellInPositive()" classname="com.gildedrose.GildedRoseTest" time="0.001"/>
  <testcase name="testBackstageQualityIncreaseBy1WhenSellInGreaterThan10()" classname="com.gildedrose.GildedRoseTest" time="0.0"/>
  <testcase name="testAgedBrieQualityEqual50SellInNegative()" classname="com.gildedrose.GildedRoseTest" time="0.001"/>
  <testcase name="testBackstageQualityWhenSellInLowerThan5()" classname="com.gildedrose.GildedRoseTest" time="0.001"/>
  <testcase name="testBackstageSellInDecrementBy1()" classname="com.gildedrose.GildedRoseTest" time="0.0"/>
  <testcase name="testBackstageQualityWhenSellInBetween10And5()" classname="com.gildedrose.GildedRoseTest" time="0.0"/>
  <testcase name="testNonNegativeQuality()" classname="com.gildedrose.GildedRoseTest" time="0.001"/>
  <testcase name="testSulfurasConstantSellInPositive()" classname="com.gildedrose.GildedRoseTest" time="0.001"/>
  <testcase name="testSulfurasConstantSellInNegative()" classname="com.gildedrose.GildedRoseTest" time="0.001"/>
  <testcase name="testBackstageQualityWhenSellInNegative()" classname="com.gildedrose.GildedRoseTest" time="0.0"/>
  <testcase name="testBackstageQualityWhenSellInBetween10And5AndQuality50()" classname="com.gildedrose.GildedRoseTest" time="0.001"/>
  <testcase name="foo()" classname="com.gildedrose.GildedRoseTest" time="0.001"/>
  <testcase name="testBackstageQualityEqual50()" classname="com.gildedrose.GildedRoseTest" time="0.001"/>
  <testcase name="toStringTest()" classname="com.gildedrose.GildedRoseTest" time="0.001"/>
  <testcase name="testSellInDecrementBy1()" classname="com.gildedrose.GildedRoseTest" time="0.0"/>
  <testcase name="testQualityDegradationX2WhenSellInNegative()" classname="com.gildedrose.GildedRoseTest" time="0.0"/>
  <testcase name="testAgedBrieSellInDecrementBy1()" classname="com.gildedrose.GildedRoseTest" time="0.001"/>
  <testcase name="testBackstageQualityWhenSellInLowerThan5AndQuality50()" classname="com.gildedrose.GildedRoseTest" time="0.0"/>
  <testcase name="testQualityDecrementBy1()" classname="com.gildedrose.GildedRoseTest" time="0.0"/>
  <testcase name="testAgedBrieQualityWhenSellInNeg()" classname="com.gildedrose.GildedRoseTest" time="0.0"/>
  <system-out><![CDATA[]]></system-out>
  <system-err><![CDATA[]]></system-err>
</testsuite>
